<?xml version="1.0" encoding="UTF-8"?>
<!-- Generated by org.testng.reporters.JUnitReportReporter -->
<testsuite hostname="LAPTOP-3RJ39O5L" failures="0" tests="1" name="com.testLayer.TransactionTest" time="16.917" errors="0" timestamp="2022-12-07T19:25:30 IST" skipped="0">
  <testcase classname="com.testLayer.TransactionTest" name="getTransationDetailsOnConsol" time="16.917"/>
  <system-out/>
</testsuite> <!-- com.testLayer.TransactionTest -->
